C:\USERS\DIANANDREEV\DOCUMENTS\VISUAL STUDIO 2012\PROJECTS\ADDRESSBOOK\ADDRESSBOOK\DEBUG\ADDRESSBOOK.OBJ
C:\USERS\DIANANDREEV\DOCUMENTS\VISUAL STUDIO 2012\PROJECTS\ADDRESSBOOK\ADDRESSBOOK\DEBUG\ADDRESSBOOKCLASS.OBJ
C:\USERS\DIANANDREEV\DOCUMENTS\VISUAL STUDIO 2012\PROJECTS\ADDRESSBOOK\ADDRESSBOOK\DEBUG\CONTACT.OBJ
C:\USERS\DIANANDREEV\DOCUMENTS\VISUAL STUDIO 2012\PROJECTS\ADDRESSBOOK\ADDRESSBOOK\DEBUG\DATE.OBJ
C:\USERS\DIANANDREEV\DOCUMENTS\VISUAL STUDIO 2012\PROJECTS\ADDRESSBOOK\ADDRESSBOOK\DEBUG\EMAIL.OBJ
C:\USERS\DIANANDREEV\DOCUMENTS\VISUAL STUDIO 2012\PROJECTS\ADDRESSBOOK\ADDRESSBOOK\DEBUG\FIELD.OBJ
C:\USERS\DIANANDREEV\DOCUMENTS\VISUAL STUDIO 2012\PROJECTS\ADDRESSBOOK\ADDRESSBOOK\DEBUG\PHONENUMBER.OBJ
C:\USERS\DIANANDREEV\DOCUMENTS\VISUAL STUDIO 2012\PROJECTS\ADDRESSBOOK\ADDRESSBOOK\DEBUG\TEXT.OBJ
C:\USERS\DIANANDREEV\DOCUMENTS\VISUAL STUDIO 2012\PROJECTS\ADDRESSBOOK\ADDRESSBOOK\DEBUG\TYPE.OBJ
C:\USERS\DIANANDREEV\DOCUMENTS\VISUAL STUDIO 2012\PROJECTS\ADDRESSBOOK\ADDRESSBOOK\DEBUG\VC110.PDB
c:\Users\dianandreev\documents\visual studio 2012\Projects\addressBook\addressBook\Debug\addressBook.obj
c:\Users\dianandreev\documents\visual studio 2012\Projects\addressBook\addressBook\Debug\AddressBookClass.obj
c:\Users\dianandreev\documents\visual studio 2012\Projects\addressBook\addressBook\Debug\Contact.obj
c:\Users\dianandreev\documents\visual studio 2012\Projects\addressBook\addressBook\Debug\Date.obj
c:\Users\dianandreev\documents\visual studio 2012\Projects\addressBook\addressBook\Debug\Email.obj
c:\Users\dianandreev\documents\visual studio 2012\Projects\addressBook\addressBook\Debug\Field.obj
c:\Users\dianandreev\documents\visual studio 2012\Projects\addressBook\addressBook\Debug\PhoneNumber.obj
c:\Users\dianandreev\documents\visual studio 2012\Projects\addressBook\addressBook\Debug\Text.obj
c:\Users\dianandreev\documents\visual studio 2012\Projects\addressBook\addressBook\Debug\Type.obj
c:\Users\dianandreev\documents\visual studio 2012\Projects\addressBook\addressBook\Debug\cl.command.1.tlog
c:\Users\dianandreev\documents\visual studio 2012\Projects\addressBook\addressBook\Debug\CL.read.1.tlog
c:\Users\dianandreev\documents\visual studio 2012\Projects\addressBook\addressBook\Debug\CL.write.1.tlog
c:\Users\dianandreev\documents\visual studio 2012\Projects\addressBook\addressBook\Debug\link-cvtres.read.1.tlog
c:\Users\dianandreev\documents\visual studio 2012\Projects\addressBook\addressBook\Debug\link-cvtres.write.1.tlog
c:\Users\dianandreev\documents\visual studio 2012\Projects\addressBook\addressBook\Debug\link-rc.read.1.tlog
c:\Users\dianandreev\documents\visual studio 2012\Projects\addressBook\addressBook\Debug\link-rc.write.1.tlog
c:\Users\dianandreev\documents\visual studio 2012\Projects\addressBook\addressBook\Debug\link.3680-cvtres.read.1.tlog
c:\Users\dianandreev\documents\visual studio 2012\Projects\addressBook\addressBook\Debug\link.3680-cvtres.write.1.tlog
c:\Users\dianandreev\documents\visual studio 2012\Projects\addressBook\addressBook\Debug\link.3680-rc.read.1.tlog
c:\Users\dianandreev\documents\visual studio 2012\Projects\addressBook\addressBook\Debug\link.3680-rc.write.1.tlog
c:\Users\dianandreev\documents\visual studio 2012\Projects\addressBook\addressBook\Debug\link.3680.read.1.tlog
c:\Users\dianandreev\documents\visual studio 2012\Projects\addressBook\addressBook\Debug\link.3680.write.1.tlog
c:\Users\dianandreev\documents\visual studio 2012\Projects\addressBook\addressBook\Debug\link.command.1.tlog
c:\Users\dianandreev\documents\visual studio 2012\Projects\addressBook\addressBook\Debug\link.read.1.tlog
c:\Users\dianandreev\documents\visual studio 2012\Projects\addressBook\addressBook\Debug\link.write.1.tlog
c:\Users\dianandreev\documents\visual studio 2012\Projects\addressBook\addressBook\Debug\vc110.idb
c:\Users\dianandreev\documents\visual studio 2012\Projects\addressBook\addressBook\Debug\vc110.pdb
c:\users\dianandreev\documents\visual studio 2012\Projects\addressBook\Debug\addressBook.pdb
