Build started 8/13/2014 11:17:53 PM.
     1>Project "C:\Users\DianAndreev\documents\visual studio 2012\Projects\addressBook\addressBook\addressBook.vcxproj" on node 2 (Build target(s)).
     1>ClCompile:
         C:\Program Files (x86)\Microsoft Visual Studio 11.0\VC\bin\CL.exe /c /ZI /nologo /W3 /WX- /Od /Oy- /D WIN32 /D _DEBUG /D _CONSOLE /D _UNICODE /D UNICODE /Gm /EHsc /RTC1 /MDd /GS /fp:precise /Zc:wchar_t /Zc:forScope /Fo"Debug\\" /Fd"Debug\vc110.pdb" /Gd /TP /analyze- /errorReport:prompt AddressBook.cpp
         AddressBook.cpp
     1>c:\users\dianandreev\documents\visual studio 2012\projects\addressbook\addressbook\addressbook.cpp(31): warning C4101: 'value' : unreferenced local variable
       Link:
         C:\Program Files (x86)\Microsoft Visual Studio 11.0\VC\bin\link.exe /ERRORREPORT:PROMPT /OUT:"C:\Users\DianAndreev\documents\visual studio 2012\Projects\addressBook\Debug\addressBook.exe" /INCREMENTAL /NOLOGO kernel32.lib user32.lib gdi32.lib winspool.lib comdlg32.lib advapi32.lib shell32.lib ole32.lib oleaut32.lib uuid.lib odbc32.lib odbccp32.lib /MANIFEST /MANIFESTUAC:"level='asInvoker' uiAccess='false'" /manifest:embed /DEBUG /PDB:"C:\Users\DianAndreev\documents\visual studio 2012\Projects\addressBook\Debug\addressBook.pdb" /SUBSYSTEM:CONSOLE /TLBID:1 /DYNAMICBASE /NXCOMPAT /IMPLIB:"C:\Users\DianAndreev\documents\visual studio 2012\Projects\addressBook\Debug\addressBook.lib" /MACHINE:X86 Debug\program.obj
         Debug\AddressBook.obj
         Debug\Contact.obj
         Debug\Date.obj
         Debug\Email.obj
         Debug\Field.obj
         Debug\PhoneNumber.obj
         Debug\Text.obj
         Debug\Type.obj
         Debug\UserInterface.obj
         addressBook.vcxproj -> C:\Users\DianAndreev\documents\visual studio 2012\Projects\addressBook\Debug\addressBook.exe
     1>Done Building Project "C:\Users\DianAndreev\documents\visual studio 2012\Projects\addressBook\addressBook\addressBook.vcxproj" (Build target(s)).

Build succeeded.

Time Elapsed 00:00:00.93
